<?xml version="1.0" encoding="UTF-8"?>
<!-- Generated by org.testng.reporters.JUnitReportReporter -->
<testsuite hostname="DESKTOP-92RCTKU" name="com.training.sanity.tests.Test_Login" tests="1" failures="0" timestamp="9 Sep 2019 18:32:39 GMT" time="8.811" errors="0">
  <testcase name="validLoginTest" time="8.811" classname="com.training.sanity.tests.Test_Login"/>
</testsuite> <!-- com.training.sanity.tests.Test_Login -->
