<?xml version="1.0" encoding="UTF-8"?>
<!-- Generated by org.testng.reporters.JUnitReportReporter -->
<testsuite hostname="DESKTOP-92RCTKU" name="com.training.sanity.tests.Test_InvalidLogin$LoginTests" tests="1" failures="0" timestamp="9 Sep 2019 09:29:31 GMT" time="10.653" errors="0">
  <testcase name="validLoginTest" time="10.653" classname="com.training.sanity.tests.Test_InvalidLogin$LoginTests"/>
</testsuite> <!-- com.training.sanity.tests.Test_InvalidLogin$LoginTests -->
