<?xml version="1.0" encoding="UTF-8"?>
<!-- Generated by org.testng.reporters.JUnitReportReporter -->
<testsuite hostname="DESKTOP-92RCTKU" name="com.training.sanity.tests.InvalidLoginTests$LoginTests" tests="1" failures="0" timestamp="9 Sep 2019 07:47:35 GMT" time="12.776" errors="0">
  <testcase name="validLoginTest" time="12.776" classname="com.training.sanity.tests.InvalidLoginTests$LoginTests"/>
</testsuite> <!-- com.training.sanity.tests.InvalidLoginTests$LoginTests -->
