<?xml version="1.0" encoding="UTF-8"?>
<!-- Generated by org.testng.reporters.JUnitReportReporter -->
<testsuite hostname="DESKTOP-92RCTKU" name="com.training.sanity.tests.Test_InvalidLogin$LoginTests" tests="1" failures="0" timestamp="9 Sep 2019 18:32:39 GMT" time="10.284" errors="0">
  <testcase name="InvalidLoginTest" time="10.284" classname="com.training.sanity.tests.Test_InvalidLogin$LoginTests"/>
</testsuite> <!-- com.training.sanity.tests.Test_InvalidLogin$LoginTests -->
