<?xml version="1.0" encoding="UTF-8"?>
<!-- Generated by org.testng.reporters.JUnitReportReporter -->
<testsuite hostname="DESKTOP-92RCTKU" name="com.training.sanity.tests.Test_InvalidLogin$LoginTests" tests="1" failures="0" timestamp="9 Sep 2019 09:49:09 GMT" time="11.162" errors="0">
  <testcase name="InvalidLoginTest" time="11.162" classname="com.training.sanity.tests.Test_InvalidLogin$LoginTests"/>
</testsuite> <!-- com.training.sanity.tests.Test_InvalidLogin$LoginTests -->
